2024-09-25 12:52:37 error: [Cake\Database\Exception\MissingConnectionException] Connection to Mysql could not be established: SQLSTATE[HY000] [2002] No such file or directory in /Applications/XAMPP/xamppfiles/htdocs/personal-agenda/vendor/cakephp/cakephp/src/Database/Driver.php on line 194
Exception Attributes: array (
  'driver' => 'Mysql',
  'reason' => 'SQLSTATE[HY000] [2002] No such file or directory',
)
Stack Trace:
- CORE/src/Database/Driver/Mysql.php:160
- CORE/src/Database/Schema/SchemaDialect.php:51
- CORE/src/Database/Driver/Mysql.php:206
- CORE/src/Database/Schema/Collection.php:53
- CORE/src/Database/Connection.php:366
- ROOT/vendor/cakephp/bake/src/Command/ModelCommand.php:92
- CORE/src/Console/BaseCommand.php:192
- CORE/src/Console/CommandRunner.php:330
- CORE/src/Console/CommandRunner.php:167
- ROOT/bin/cake.php:10
- [main]:

Caused by: [PDOException] SQLSTATE[HY000] [2002] No such file or directory in /Applications/XAMPP/xamppfiles/htdocs/personal-agenda/vendor/cakephp/cakephp/src/Database/Driver.php on line 183
Stack Trace:
- CORE/src/Database/Driver.php:183
- CORE/src/Core/Retry/CommandRetry.php:71
- CORE/src/Database/Driver.php:192
- CORE/src/Database/Driver/Mysql.php:160
- CORE/src/Database/Schema/SchemaDialect.php:51
- CORE/src/Database/Driver/Mysql.php:206
- CORE/src/Database/Schema/Collection.php:53
- CORE/src/Database/Connection.php:366
- ROOT/vendor/cakephp/bake/src/Command/ModelCommand.php:92
- CORE/src/Console/BaseCommand.php:192
- CORE/src/Console/CommandRunner.php:330
- CORE/src/Console/CommandRunner.php:167
- ROOT/bin/cake.php:10
- [main]:

2024-09-27 23:36:07 error: [Error] Class "Cake\Console\Command" not found in /Applications/XAMPP/xamppfiles/htdocs/personal-agenda/src/Command/SendEventNotificationCommand.php on line 12
Stack Trace:
- ROOT/vendor/composer/ClassLoader.php:576
- ROOT/vendor/composer/ClassLoader.php:427
- [internal]:??
- CORE/src/Console/CommandScanner.php:118
- CORE/src/Console/CommandScanner.php:58
- CORE/src/Console/CommandCollection.php:237
- CORE/src/Http/BaseApplication.php:245
- CORE/src/Console/CommandRunner.php:144
- ROOT/bin/cake.php:10
- [main]:

2024-09-27 23:36:17 error: [Error] Class "Cake\Console\Command" not found in /Applications/XAMPP/xamppfiles/htdocs/personal-agenda/src/Command/SendEventNotificationCommand.php on line 12
Stack Trace:
- ROOT/vendor/composer/ClassLoader.php:576
- ROOT/vendor/composer/ClassLoader.php:427
- [internal]:??
- CORE/src/Console/CommandScanner.php:118
- CORE/src/Console/CommandScanner.php:58
- CORE/src/Console/CommandCollection.php:237
- CORE/src/Http/BaseApplication.php:245
- CORE/src/Console/CommandRunner.php:144
- ROOT/bin/cake.php:10
- [main]:

